[2022-06-07T04:07:53.871Z] Validating found git in: git
[2022-06-07T04:07:53.936Z] Using git 2.25.1 from git
[2022-06-07T04:07:53.956Z] > git rev-parse --show-toplevel [10ms]
[2022-06-07T04:07:53.956Z] fatal: not a git repository (or any of the parent directories): .git
[2022-06-07T04:07:54.093Z] > git rev-parse --show-toplevel [124ms]
[2022-06-07T04:07:54.093Z] fatal: not a git repository (or any of the parent directories): .git
[2022-06-07T04:07:54.119Z] > git rev-parse --show-toplevel [22ms]
[2022-06-07T04:07:54.119Z] fatal: not a git repository (or any of the parent directories): .git
[2022-06-07T04:07:54.144Z] > git rev-parse --show-toplevel [21ms]
[2022-06-07T04:07:54.145Z] fatal: not a git repository (or any of the parent directories): .git
[2022-06-07T04:07:54.152Z] > git rev-parse --show-toplevel [3ms]
[2022-06-07T04:07:54.152Z] fatal: not a git repository (or any of the parent directories): .git
[2022-06-07T04:07:54.158Z] > git rev-parse --show-toplevel [1ms]
[2022-06-07T04:07:54.158Z] fatal: not a git repository (or any of the parent directories): .git
[2022-06-07T04:07:54.164Z] > git rev-parse --show-toplevel [1ms]
[2022-06-07T04:07:54.164Z] fatal: not a git repository (or any of the parent directories): .git
[2022-06-07T04:07:54.169Z] > git rev-parse --show-toplevel [1ms]
[2022-06-07T04:07:54.169Z] fatal: not a git repository (or any of the parent directories): .git
[2022-06-07T04:07:54.173Z] > git rev-parse --show-toplevel [1ms]
[2022-06-07T04:07:54.173Z] fatal: not a git repository (or any of the parent directories): .git
[2022-06-07T04:07:54.178Z] > git rev-parse --show-toplevel [1ms]
[2022-06-07T04:07:54.178Z] fatal: not a git repository (or any of the parent directories): .git
[2022-06-07T04:07:54.182Z] > git rev-parse --show-toplevel [1ms]
[2022-06-07T04:07:54.182Z] fatal: not a git repository (or any of the parent directories): .git
[2022-06-07T04:07:54.187Z] > git rev-parse --show-toplevel [2ms]
[2022-06-07T04:07:54.187Z] fatal: not a git repository (or any of the parent directories): .git
[2022-06-07T04:07:54.191Z] > git rev-parse --show-toplevel [1ms]
[2022-06-07T04:07:54.191Z] fatal: not a git repository (or any of the parent directories): .git
[2022-06-07T04:07:54.196Z] > git rev-parse --show-toplevel [2ms]
[2022-06-07T04:07:54.196Z] fatal: not a git repository (or any of the parent directories): .git
[2022-06-07T04:07:54.692Z] > git rev-parse --show-toplevel [1ms]
[2022-06-07T04:07:54.692Z] fatal: not a git repository (or any of the parent directories): .git
[2022-06-07T04:10:06.936Z] > git rev-parse --show-toplevel [14ms]
[2022-06-07T04:10:06.936Z] fatal: not a git repository (or any of the parent directories): .git
[2022-06-07T04:12:21.932Z] > git rev-parse --show-toplevel [5ms]
[2022-06-07T04:12:21.932Z] fatal: not a git repository (or any of the parent directories): .git
[2022-06-07T04:12:22.762Z] > git init [21ms]
[2022-06-07T04:12:22.779Z] > git rev-parse --show-toplevel [1ms]
[2022-06-07T04:12:22.788Z] > git rev-parse --git-dir --git-common-dir [1ms]
[2022-06-07T04:12:22.802Z] Open repository: /home/mainakghosh
[2022-06-07T04:12:22.863Z] > git status -z -uall [44ms]
[2022-06-07T04:12:22.876Z] > git symbolic-ref --short HEAD [4ms]
[2022-06-07T04:12:22.899Z] > git for-each-ref --format=%(refname)%00%(upstream:short)%00%(objectname)%00%(upstream:track)%00%(upstream:remotename)%00%(upstream:remoteref) refs/heads/master refs/remotes/master [4ms]
[2022-06-07T04:12:22.926Z] > git remote --verbose [5ms]
[2022-06-07T04:12:22.927Z] > git for-each-ref --sort -committerdate --format %(refname) %(objectname) %(*objectname) [12ms]
[2022-06-07T04:12:25.806Z] > git config --get commit.template [132ms]
[2022-06-07T04:12:26.214Z] > git check-ignore -v -z --stdin [1ms]
[2022-06-07T04:12:26.459Z] > git show --textconv :client_server_twoway/client.c [12ms]
[2022-06-07T04:12:26.461Z] > git ls-files --stage -- /home/mainakghosh/client_server_twoway/client.c [3ms]
[2022-06-07T04:12:26.942Z] > git ls-files --stage -- /home/mainakghosh/client_server_twoway/client.c [14ms]
[2022-06-07T04:12:26.944Z] > git check-ignore -v -z --stdin [4ms]
[2022-06-07T04:12:27.029Z] > git show --textconv :client_server_twoway/client.c [2ms]
[2022-06-07T04:12:30.162Z] > git check-ignore -v -z --stdin [1ms]
[2022-06-07T04:12:32.471Z] > git check-ignore -v -z --stdin [2ms]
[2022-06-07T04:12:41.415Z] > git check-ignore -v -z --stdin [1ms]
[2022-06-07T04:12:44.376Z] > git check-ignore -v -z --stdin [2ms]
[2022-06-07T04:12:48.812Z] > git add -A -- . [25968ms]
[2022-06-07T04:12:49.062Z] > git -c user.useConfigOnly=true commit --quiet --allow-empty-message --file - [234ms]
[2022-06-07T04:12:49.062Z] 
*** Please tell me who you are.

Run

  git config --global user.email "you@example.com"
  git config --global user.name "Your Name"

to set your account's default identity.
Omit --global to set the identity only in this repository.

fatal: no email was given and auto-detection is disabled
[2022-06-07T04:12:49.069Z] > git config --get-all user.name [1ms]
[2022-06-07T04:12:50.281Z] > git ls-files --stage -- /home/mainakghosh/client_server_twoway/client.c [3ms]
[2022-06-07T04:12:50.292Z] > git cat-file -s 50bdd8b5a8736490eec8beb3cc31f7debc87c749 [2ms]
[2022-06-07T04:12:50.329Z] > git show --textconv :client_server_twoway/client.c [4ms]
[2022-06-07T04:12:52.458Z] > git check-ignore -v -z --stdin [5ms]
[2022-06-07T04:12:54.937Z] > git status -z -uall [34ms]
[2022-06-07T04:12:54.944Z] > git symbolic-ref --short HEAD [1ms]
[2022-06-07T04:12:54.951Z] > git for-each-ref --format=%(refname)%00%(upstream:short)%00%(objectname)%00%(upstream:track)%00%(upstream:remotename)%00%(upstream:remoteref) refs/heads/master refs/remotes/master [1ms]
[2022-06-07T04:12:54.974Z] > git remote --verbose [2ms]
[2022-06-07T04:12:54.974Z] > git for-each-ref --sort -committerdate --format %(refname) %(objectname) %(*objectname) [17ms]
[2022-06-07T04:12:55.047Z] > git config --get commit.template [1ms]
[2022-06-07T04:13:11.963Z] > git status -z -uall [38ms]
[2022-06-07T04:13:11.975Z] > git symbolic-ref --short HEAD [1ms]
[2022-06-07T04:13:11.986Z] > git for-each-ref --format=%(refname)%00%(upstream:short)%00%(objectname)%00%(upstream:track)%00%(upstream:remotename)%00%(upstream:remoteref) refs/heads/master refs/remotes/master [1ms]
[2022-06-07T04:13:12.008Z] > git for-each-ref --sort -committerdate --format %(refname) %(objectname) %(*objectname) [15ms]
[2022-06-07T04:13:12.008Z] > git remote --verbose [2ms]
[2022-06-07T04:13:12.112Z] > git config --get commit.template [2ms]
[2022-06-07T04:13:17.150Z] > git status -z -uall [26ms]
[2022-06-07T04:13:17.157Z] > git symbolic-ref --short HEAD [1ms]
[2022-06-07T04:13:17.166Z] > git for-each-ref --format=%(refname)%00%(upstream:short)%00%(objectname)%00%(upstream:track)%00%(upstream:remotename)%00%(upstream:remoteref) refs/heads/master refs/remotes/master [1ms]
[2022-06-07T04:13:17.184Z] > git remote --verbose [1ms]
[2022-06-07T04:13:17.184Z] > git for-each-ref --sort -committerdate --format %(refname) %(objectname) %(*objectname) [12ms]
[2022-06-07T04:13:17.251Z] > git config --get commit.template [1ms]
[2022-06-07T04:15:08.844Z] > git status -z -uall [68ms]
[2022-06-07T04:15:08.863Z] > git symbolic-ref --short HEAD [1ms]
[2022-06-07T04:15:08.880Z] > git for-each-ref --format=%(refname)%00%(upstream:short)%00%(objectname)%00%(upstream:track)%00%(upstream:remotename)%00%(upstream:remoteref) refs/heads/master refs/remotes/master [2ms]
[2022-06-07T04:15:08.909Z] > git for-each-ref --sort -committerdate --format %(refname) %(objectname) %(*objectname) [17ms]
[2022-06-07T04:15:08.909Z] > git remote --verbose [2ms]
[2022-06-07T04:15:13.049Z] > git config --get commit.template [34ms]
[2022-06-07T04:15:13.560Z] > git check-ignore -v -z --stdin [14ms]
[2022-06-07T04:15:15.752Z] > git check-ignore -v -z --stdin [6ms]
[2022-06-07T04:15:18.103Z] > git status -z -uall [36ms]
[2022-06-07T04:15:18.113Z] > git symbolic-ref --short HEAD [2ms]
[2022-06-07T04:15:18.131Z] > git for-each-ref --format=%(refname)%00%(upstream:short)%00%(objectname)%00%(upstream:track)%00%(upstream:remotename)%00%(upstream:remoteref) refs/heads/master refs/remotes/master [10ms]
[2022-06-07T04:15:18.164Z] > git check-ignore -v -z --stdin [34ms]
[2022-06-07T04:15:18.166Z] > git remote --verbose [4ms]
[2022-06-07T04:15:18.166Z] > git for-each-ref --sort -committerdate --format %(refname) %(objectname) %(*objectname) [24ms]
[2022-06-07T04:15:18.260Z] > git config --get commit.template [15ms]
[2022-06-07T04:15:23.305Z] > git status -z -uall [30ms]
[2022-06-07T04:15:23.315Z] > git symbolic-ref --short HEAD [1ms]
[2022-06-07T04:15:23.330Z] > git for-each-ref --format=%(refname)%00%(upstream:short)%00%(objectname)%00%(upstream:track)%00%(upstream:remotename)%00%(upstream:remoteref) refs/heads/master refs/remotes/master [2ms]
[2022-06-07T04:15:23.352Z] > git remote --verbose [3ms]
[2022-06-07T04:15:23.353Z] > git for-each-ref --sort -committerdate --format %(refname) %(objectname) %(*objectname) [13ms]
[2022-06-07T04:15:23.461Z] > git config --get commit.template [12ms]
[2022-06-07T04:15:27.268Z] > git check-ignore -v -z --stdin [262ms]
[2022-06-07T04:15:29.660Z] > git status -z -uall [83ms]
[2022-06-07T04:15:29.678Z] > git symbolic-ref --short HEAD [2ms]
[2022-06-07T04:15:29.698Z] > git for-each-ref --format=%(refname)%00%(upstream:short)%00%(objectname)%00%(upstream:track)%00%(upstream:remotename)%00%(upstream:remoteref) refs/heads/master refs/remotes/master [1ms]
[2022-06-07T04:15:29.725Z] > git for-each-ref --sort -committerdate --format %(refname) %(objectname) %(*objectname) [16ms]
[2022-06-07T04:15:29.725Z] > git remote --verbose [2ms]
[2022-06-07T04:15:43.327Z] > git config --get commit.template [25ms]
[2022-06-07T04:15:44.532Z] > git -c user.useConfigOnly=true commit --quiet --allow-empty-message --file - [93ms]
[2022-06-07T04:15:44.532Z] 
*** Please tell me who you are.

Run

  git config --global user.email "you@example.com"
  git config --global user.name "Your Name"

to set your account's default identity.
Omit --global to set the identity only in this repository.

fatal: no email was given and auto-detection is disabled
[2022-06-07T04:15:44.544Z] > git config --get-all user.name [1ms]
[2022-06-07T04:15:50.051Z] > git status -z -uall [87ms]
[2022-06-07T04:15:50.065Z] > git symbolic-ref --short HEAD [2ms]
[2022-06-07T04:15:50.078Z] > git for-each-ref --format=%(refname)%00%(upstream:short)%00%(objectname)%00%(upstream:track)%00%(upstream:remotename)%00%(upstream:remoteref) refs/heads/master refs/remotes/master [2ms]
[2022-06-07T04:15:50.109Z] > git for-each-ref --sort -committerdate --format %(refname) %(objectname) %(*objectname) [15ms]
[2022-06-07T04:15:50.117Z] > git remote --verbose [10ms]
[2022-06-07T04:16:00.780Z] > git ls-files --stage -- /home/mainakghosh/client_server_twoway/client.c [36ms]
[2022-06-07T04:16:00.804Z] > git config --get commit.template [89ms]
[2022-06-07T04:16:00.813Z] > git cat-file -s 50bdd8b5a8736490eec8beb3cc31f7debc87c749 [9ms]
[2022-06-07T04:16:01.431Z] > git show --textconv :client_server_twoway/client.c [12ms]
[2022-06-07T04:16:05.852Z] > git status -z -uall [33ms]
[2022-06-07T04:16:05.861Z] > git symbolic-ref --short HEAD [1ms]
[2022-06-07T04:16:05.872Z] > git for-each-ref --format=%(refname)%00%(upstream:short)%00%(objectname)%00%(upstream:track)%00%(upstream:remotename)%00%(upstream:remoteref) refs/heads/master refs/remotes/master [2ms]
[2022-06-07T04:16:05.899Z] > git remote --verbose [3ms]
[2022-06-07T04:16:05.899Z] > git for-each-ref --sort -committerdate --format %(refname) %(objectname) %(*objectname) [17ms]
[2022-06-07T04:16:05.962Z] > git config --get commit.template [1ms]
[2022-06-07T04:16:11.022Z] > git status -z -uall [41ms]
[2022-06-07T04:16:11.036Z] > git symbolic-ref --short HEAD [2ms]
[2022-06-07T04:16:11.050Z] > git for-each-ref --format=%(refname)%00%(upstream:short)%00%(objectname)%00%(upstream:track)%00%(upstream:remotename)%00%(upstream:remoteref) refs/heads/master refs/remotes/master [2ms]
[2022-06-07T04:16:11.084Z] > git remote --verbose [4ms]
[2022-06-07T04:16:11.084Z] > git for-each-ref --sort -committerdate --format %(refname) %(objectname) %(*objectname) [23ms]
[2022-06-07T04:16:13.137Z] > git config --get commit.template [25ms]
[2022-06-07T04:16:18.202Z] > git status -z -uall [54ms]
[2022-06-07T04:16:18.217Z] > git symbolic-ref --short HEAD [4ms]
[2022-06-07T04:16:18.229Z] > git for-each-ref --format=%(refname)%00%(upstream:short)%00%(objectname)%00%(upstream:track)%00%(upstream:remotename)%00%(upstream:remoteref) refs/heads/master refs/remotes/master [2ms]
[2022-06-07T04:16:18.251Z] > git remote --verbose [3ms]
[2022-06-07T04:16:18.252Z] > git for-each-ref --sort -committerdate --format %(refname) %(objectname) %(*objectname) [13ms]
[2022-06-07T04:16:18.323Z] > git config --get commit.template [4ms]
[2022-06-07T04:16:23.364Z] > git status -z -uall [29ms]
[2022-06-07T04:16:23.373Z] > git symbolic-ref --short HEAD [1ms]
[2022-06-07T04:16:23.384Z] > git for-each-ref --format=%(refname)%00%(upstream:short)%00%(objectname)%00%(upstream:track)%00%(upstream:remotename)%00%(upstream:remoteref) refs/heads/master refs/remotes/master [2ms]
[2022-06-07T04:16:23.401Z] > git remote --verbose [1ms]
[2022-06-07T04:16:23.402Z] > git for-each-ref --sort -committerdate --format %(refname) %(objectname) %(*objectname) [10ms]
[2022-06-07T04:16:23.466Z] > git config --get commit.template [10ms]
[2022-06-07T04:16:28.505Z] > git status -z -uall [28ms]
[2022-06-07T04:16:28.513Z] > git symbolic-ref --short HEAD [0ms]
[2022-06-07T04:16:28.520Z] > git for-each-ref --format=%(refname)%00%(upstream:short)%00%(objectname)%00%(upstream:track)%00%(upstream:remotename)%00%(upstream:remoteref) refs/heads/master refs/remotes/master [1ms]
[2022-06-07T04:16:28.536Z] > git remote --verbose [2ms]
[2022-06-07T04:16:28.536Z] > git for-each-ref --sort -committerdate --format %(refname) %(objectname) %(*objectname) [8ms]
[2022-06-07T04:16:28.583Z] > git config --get commit.template [1ms]
[2022-06-07T04:16:33.627Z] > git status -z -uall [32ms]
[2022-06-07T04:16:33.634Z] > git symbolic-ref --short HEAD [1ms]
[2022-06-07T04:16:33.644Z] > git for-each-ref --format=%(refname)%00%(upstream:short)%00%(objectname)%00%(upstream:track)%00%(upstream:remotename)%00%(upstream:remoteref) refs/heads/master refs/remotes/master [1ms]
[2022-06-07T04:16:33.659Z] > git remote --verbose [1ms]
[2022-06-07T04:16:33.659Z] > git for-each-ref --sort -committerdate --format %(refname) %(objectname) %(*objectname) [9ms]
[2022-06-07T04:16:33.706Z] > git config --get commit.template [1ms]
[2022-06-07T04:16:38.741Z] > git status -z -uall [23ms]
[2022-06-07T04:16:38.748Z] > git symbolic-ref --short HEAD [1ms]
[2022-06-07T04:16:38.758Z] > git for-each-ref --format=%(refname)%00%(upstream:short)%00%(objectname)%00%(upstream:track)%00%(upstream:remotename)%00%(upstream:remoteref) refs/heads/master refs/remotes/master [1ms]
[2022-06-07T04:16:38.778Z] > git remote --verbose [2ms]
[2022-06-07T04:16:38.779Z] > git for-each-ref --sort -committerdate --format %(refname) %(objectname) %(*objectname) [14ms]
[2022-06-07T04:16:40.480Z] > git config --get commit.template [1565ms]
[2022-06-07T04:16:45.521Z] > git status -z -uall [27ms]
[2022-06-07T04:16:45.529Z] > git symbolic-ref --short HEAD [1ms]
[2022-06-07T04:16:45.538Z] > git for-each-ref --format=%(refname)%00%(upstream:short)%00%(objectname)%00%(upstream:track)%00%(upstream:remotename)%00%(upstream:remoteref) refs/heads/master refs/remotes/master [1ms]
[2022-06-07T04:16:45.554Z] > git remote --verbose [2ms]
[2022-06-07T04:16:45.554Z] > git for-each-ref --sort -committerdate --format %(refname) %(objectname) %(*objectname) [8ms]
[2022-06-07T04:16:45.607Z] > git config --get commit.template [2ms]
[2022-06-07T04:16:50.649Z] > git status -z -uall [28ms]
[2022-06-07T04:16:50.657Z] > git symbolic-ref --short HEAD [1ms]
[2022-06-07T04:16:50.665Z] > git for-each-ref --format=%(refname)%00%(upstream:short)%00%(objectname)%00%(upstream:track)%00%(upstream:remotename)%00%(upstream:remoteref) refs/heads/master refs/remotes/master [1ms]
[2022-06-07T04:16:50.680Z] > git remote --verbose [2ms]
[2022-06-07T04:16:50.681Z] > git for-each-ref --sort -committerdate --format %(refname) %(objectname) %(*objectname) [10ms]
[2022-06-07T04:16:50.737Z] > git config --get commit.template [1ms]
[2022-06-07T04:16:55.817Z] > git status -z -uall [58ms]
[2022-06-07T04:16:55.842Z] > git symbolic-ref --short HEAD [6ms]
[2022-06-07T04:16:55.866Z] > git for-each-ref --format=%(refname)%00%(upstream:short)%00%(objectname)%00%(upstream:track)%00%(upstream:remotename)%00%(upstream:remoteref) refs/heads/master refs/remotes/master [6ms]
[2022-06-07T04:16:55.902Z] > git remote --verbose [3ms]
[2022-06-07T04:16:55.903Z] > git for-each-ref --sort -committerdate --format %(refname) %(objectname) %(*objectname) [23ms]
[2022-06-07T04:16:59.157Z] > git config --get commit.template [20ms]
[2022-06-07T04:17:04.194Z] > git status -z -uall [24ms]
[2022-06-07T04:17:04.204Z] > git symbolic-ref --short HEAD [1ms]
[2022-06-07T04:17:04.214Z] > git for-each-ref --format=%(refname)%00%(upstream:short)%00%(objectname)%00%(upstream:track)%00%(upstream:remotename)%00%(upstream:remoteref) refs/heads/master refs/remotes/master [1ms]
[2022-06-07T04:17:04.230Z] > git remote --verbose [4ms]
[2022-06-07T04:17:04.230Z] > git for-each-ref --sort -committerdate --format %(refname) %(objectname) %(*objectname) [9ms]
[2022-06-07T04:17:04.271Z] > git config --get commit.template [0ms]
[2022-06-07T04:17:09.319Z] > git status -z -uall [35ms]
[2022-06-07T04:17:09.328Z] > git symbolic-ref --short HEAD [1ms]
[2022-06-07T04:17:09.335Z] > git for-each-ref --format=%(refname)%00%(upstream:short)%00%(objectname)%00%(upstream:track)%00%(upstream:remotename)%00%(upstream:remoteref) refs/heads/master refs/remotes/master [1ms]
[2022-06-07T04:17:09.351Z] > git remote --verbose [2ms]
[2022-06-07T04:17:09.351Z] > git for-each-ref --sort -committerdate --format %(refname) %(objectname) %(*objectname) [9ms]
[2022-06-07T04:17:09.479Z] > git config --get commit.template [2ms]
[2022-06-07T04:20:55.024Z] > git status -z -uall [85ms]
[2022-06-07T04:20:55.037Z] > git symbolic-ref --short HEAD [2ms]
[2022-06-07T04:20:55.049Z] > git for-each-ref --format=%(refname)%00%(upstream:short)%00%(objectname)%00%(upstream:track)%00%(upstream:remotename)%00%(upstream:remoteref) refs/heads/master refs/remotes/master [1ms]
[2022-06-07T04:20:55.063Z] > git remote --verbose [1ms]
[2022-06-07T04:20:55.063Z] > git for-each-ref --sort -committerdate --format %(refname) %(objectname) %(*objectname) [7ms]
[2022-06-07T04:20:55.119Z] > git config --get commit.template [1ms]
[2022-06-07T04:21:00.149Z] > git status -z -uall [20ms]
[2022-06-07T04:21:00.155Z] > git symbolic-ref --short HEAD [1ms]
[2022-06-07T04:21:00.161Z] > git for-each-ref --format=%(refname)%00%(upstream:short)%00%(objectname)%00%(upstream:track)%00%(upstream:remotename)%00%(upstream:remoteref) refs/heads/master refs/remotes/master [1ms]
[2022-06-07T04:21:00.173Z] > git remote --verbose [2ms]
[2022-06-07T04:21:00.173Z] > git for-each-ref --sort -committerdate --format %(refname) %(objectname) %(*objectname) [7ms]
[2022-06-07T04:21:00.224Z] > git config --get commit.template [4ms]
[2022-06-07T04:21:05.264Z] > git status -z -uall [28ms]
[2022-06-07T04:21:05.272Z] > git symbolic-ref --short HEAD [1ms]
[2022-06-07T04:21:05.279Z] > git for-each-ref --format=%(refname)%00%(upstream:short)%00%(objectname)%00%(upstream:track)%00%(upstream:remotename)%00%(upstream:remoteref) refs/heads/master refs/remotes/master [1ms]
[2022-06-07T04:21:05.294Z] > git remote --verbose [1ms]
[2022-06-07T04:21:05.294Z] > git for-each-ref --sort -committerdate --format %(refname) %(objectname) %(*objectname) [8ms]
[2022-06-07T04:21:05.341Z] > git config --get commit.template [0ms]
[2022-06-07T04:21:10.391Z] > git status -z -uall [37ms]
[2022-06-07T04:21:10.404Z] > git symbolic-ref --short HEAD [2ms]
[2022-06-07T04:21:10.417Z] > git for-each-ref --format=%(refname)%00%(upstream:short)%00%(objectname)%00%(upstream:track)%00%(upstream:remotename)%00%(upstream:remoteref) refs/heads/master refs/remotes/master [1ms]
[2022-06-07T04:21:10.433Z] > git remote --verbose [1ms]
[2022-06-07T04:21:10.433Z] > git for-each-ref --sort -committerdate --format %(refname) %(objectname) %(*objectname) [7ms]
[2022-06-07T04:21:10.473Z] > git config --get commit.template [2ms]
[2022-06-07T04:21:15.512Z] > git status -z -uall [26ms]
[2022-06-07T04:21:15.519Z] > git symbolic-ref --short HEAD [1ms]
[2022-06-07T04:21:15.526Z] > git for-each-ref --format=%(refname)%00%(upstream:short)%00%(objectname)%00%(upstream:track)%00%(upstream:remotename)%00%(upstream:remoteref) refs/heads/master refs/remotes/master [1ms]
[2022-06-07T04:21:15.538Z] > git remote --verbose [1ms]
[2022-06-07T04:21:15.538Z] > git for-each-ref --sort -committerdate --format %(refname) %(objectname) %(*objectname) [7ms]
[2022-06-07T04:21:15.576Z] > git config --get commit.template [0ms]
[2022-06-07T04:21:20.623Z] > git status -z -uall [33ms]
[2022-06-07T04:21:20.632Z] > git symbolic-ref --short HEAD [2ms]
[2022-06-07T04:21:20.642Z] > git for-each-ref --format=%(refname)%00%(upstream:short)%00%(objectname)%00%(upstream:track)%00%(upstream:remotename)%00%(upstream:remoteref) refs/heads/master refs/remotes/master [2ms]
[2022-06-07T04:21:20.658Z] > git remote --verbose [1ms]
[2022-06-07T04:21:20.659Z] > git for-each-ref --sort -committerdate --format %(refname) %(objectname) %(*objectname) [9ms]
[2022-06-07T04:21:20.803Z] > git config --get commit.template [2ms]
[2022-06-07T04:21:29.343Z] > git status -z -uall [35ms]
[2022-06-07T04:21:29.356Z] > git symbolic-ref --short HEAD [2ms]
[2022-06-07T04:21:29.370Z] > git for-each-ref --format=%(refname)%00%(upstream:short)%00%(objectname)%00%(upstream:track)%00%(upstream:remotename)%00%(upstream:remoteref) refs/heads/master refs/remotes/master [4ms]
[2022-06-07T04:21:29.389Z] > git for-each-ref --sort -committerdate --format %(refname) %(objectname) %(*objectname) [12ms]
[2022-06-07T04:21:29.390Z] > git remote --verbose [1ms]
[2022-06-07T04:21:29.452Z] > git config --get commit.template [2ms]
[2022-06-07T04:30:28.039Z] > git ls-files --stage -- /home/mainakghosh/client_server_twoway/client.c [4ms]
[2022-06-07T04:30:28.066Z] > git status -z -uall [65ms]
[2022-06-07T04:30:28.076Z] > git cat-file -s 50bdd8b5a8736490eec8beb3cc31f7debc87c749 [25ms]
[2022-06-07T04:30:28.079Z] > git symbolic-ref --short HEAD [4ms]
[2022-06-07T04:30:28.100Z] > git for-each-ref --format=%(refname)%00%(upstream:short)%00%(objectname)%00%(upstream:track)%00%(upstream:remotename)%00%(upstream:remoteref) refs/heads/master refs/remotes/master [12ms]
[2022-06-07T04:30:28.123Z] > git show --textconv :client_server_twoway/client.c [24ms]
[2022-06-07T04:30:28.123Z] > git remote --verbose [4ms]
[2022-06-07T04:30:28.125Z] > git for-each-ref --sort -committerdate --format %(refname) %(objectname) %(*objectname) [15ms]
[2022-06-07T04:30:28.252Z] > git config --get commit.template [2ms]
[2022-06-07T04:30:33.296Z] > git status -z -uall [32ms]
[2022-06-07T04:30:33.307Z] > git symbolic-ref --short HEAD [2ms]
[2022-06-07T04:30:33.318Z] > git for-each-ref --format=%(refname)%00%(upstream:short)%00%(objectname)%00%(upstream:track)%00%(upstream:remotename)%00%(upstream:remoteref) refs/heads/master refs/remotes/master [1ms]
[2022-06-07T04:30:33.340Z] > git remote --verbose [3ms]
[2022-06-07T04:30:33.341Z] > git for-each-ref --sort -committerdate --format %(refname) %(objectname) %(*objectname) [13ms]
[2022-06-07T04:30:33.429Z] > git config --get commit.template [12ms]
[2022-06-07T04:30:38.805Z] > git status -z -uall [47ms]
[2022-06-07T04:30:38.818Z] > git symbolic-ref --short HEAD [2ms]
[2022-06-07T04:30:38.833Z] > git for-each-ref --format=%(refname)%00%(upstream:short)%00%(objectname)%00%(upstream:track)%00%(upstream:remotename)%00%(upstream:remoteref) refs/heads/master refs/remotes/master [1ms]
[2022-06-07T04:30:38.854Z] > git remote --verbose [2ms]
[2022-06-07T04:30:38.855Z] > git for-each-ref --sort -committerdate --format %(refname) %(objectname) %(*objectname) [11ms]
[2022-06-07T04:30:38.993Z] > git config --get commit.template [7ms]
[2022-06-07T04:30:44.275Z] > git status -z -uall [24ms]
[2022-06-07T04:30:44.285Z] > git symbolic-ref --short HEAD [2ms]
[2022-06-07T04:30:44.294Z] > git for-each-ref --format=%(refname)%00%(upstream:short)%00%(objectname)%00%(upstream:track)%00%(upstream:remotename)%00%(upstream:remoteref) refs/heads/master refs/remotes/master [1ms]
[2022-06-07T04:30:44.311Z] > git for-each-ref --sort -committerdate --format %(refname) %(objectname) %(*objectname) [10ms]
[2022-06-07T04:30:44.312Z] > git remote --verbose [3ms]
[2022-06-07T04:30:44.373Z] > git config --get commit.template [2ms]
[2022-06-07T04:30:50.817Z] > git status -z -uall [25ms]
[2022-06-07T04:30:50.826Z] > git symbolic-ref --short HEAD [2ms]
[2022-06-07T04:30:50.836Z] > git for-each-ref --format=%(refname)%00%(upstream:short)%00%(objectname)%00%(upstream:track)%00%(upstream:remotename)%00%(upstream:remoteref) refs/heads/master refs/remotes/master [2ms]
[2022-06-07T04:30:50.852Z] > git remote --verbose [1ms]
[2022-06-07T04:30:50.853Z] > git for-each-ref --sort -committerdate --format %(refname) %(objectname) %(*objectname) [9ms]
[2022-06-07T04:30:50.911Z] > git config --get commit.template [3ms]
[2022-06-07T04:30:55.946Z] > git status -z -uall [25ms]
[2022-06-07T04:30:55.957Z] > git symbolic-ref --short HEAD [2ms]
[2022-06-07T04:30:55.969Z] > git for-each-ref --format=%(refname)%00%(upstream:short)%00%(objectname)%00%(upstream:track)%00%(upstream:remotename)%00%(upstream:remoteref) refs/heads/master refs/remotes/master [2ms]
[2022-06-07T04:30:55.988Z] > git for-each-ref --sort -committerdate --format %(refname) %(objectname) %(*objectname) [10ms]
[2022-06-07T04:30:55.989Z] > git remote --verbose [2ms]
[2022-06-07T04:30:56.064Z] > git config --get commit.template [2ms]
[2022-06-07T04:31:02.455Z] > git status -z -uall [32ms]
[2022-06-07T04:31:02.466Z] > git symbolic-ref --short HEAD [2ms]
[2022-06-07T04:31:02.480Z] > git for-each-ref --format=%(refname)%00%(upstream:short)%00%(objectname)%00%(upstream:track)%00%(upstream:remotename)%00%(upstream:remoteref) refs/heads/master refs/remotes/master [2ms]
[2022-06-07T04:31:02.509Z] > git remote --verbose [4ms]
[2022-06-07T04:31:02.509Z] > git for-each-ref --sort -committerdate --format %(refname) %(objectname) %(*objectname) [19ms]
[2022-06-07T04:31:05.344Z] > git config --get commit.template [44ms]
[2022-06-07T04:31:10.420Z] > git status -z -uall [61ms]
[2022-06-07T04:31:10.433Z] > git symbolic-ref --short HEAD [2ms]
[2022-06-07T04:31:10.444Z] > git for-each-ref --format=%(refname)%00%(upstream:short)%00%(objectname)%00%(upstream:track)%00%(upstream:remotename)%00%(upstream:remoteref) refs/heads/master refs/remotes/master [2ms]
[2022-06-07T04:31:10.463Z] > git remote --verbose [1ms]
[2022-06-07T04:31:10.464Z] > git for-each-ref --sort -committerdate --format %(refname) %(objectname) %(*objectname) [11ms]
[2022-06-07T04:31:10.560Z] > git config --get commit.template [10ms]
[2022-06-07T04:31:15.626Z] > git status -z -uall [50ms]
[2022-06-07T04:31:15.642Z] > git symbolic-ref --short HEAD [4ms]
[2022-06-07T04:31:15.662Z] > git for-each-ref --format=%(refname)%00%(upstream:short)%00%(objectname)%00%(upstream:track)%00%(upstream:remotename)%00%(upstream:remoteref) refs/heads/master refs/remotes/master [6ms]
[2022-06-07T04:31:15.701Z] > git remote --verbose [9ms]
[2022-06-07T04:31:15.702Z] > git for-each-ref --sort -committerdate --format %(refname) %(objectname) %(*objectname) [22ms]
[2022-06-07T04:31:15.871Z] > git config --get commit.template [2ms]
[2022-06-07T04:31:20.934Z] > git status -z -uall [48ms]
[2022-06-07T04:31:20.950Z] > git symbolic-ref --short HEAD [3ms]
[2022-06-07T04:31:20.967Z] > git for-each-ref --format=%(refname)%00%(upstream:short)%00%(objectname)%00%(upstream:track)%00%(upstream:remotename)%00%(upstream:remoteref) refs/heads/master refs/remotes/master [3ms]
[2022-06-07T04:31:20.993Z] > git for-each-ref --sort -committerdate --format %(refname) %(objectname) %(*objectname) [12ms]
[2022-06-07T04:31:20.994Z] > git remote --verbose [3ms]
[2022-06-07T04:31:21.080Z] > git config --get commit.template [1ms]
