[2022-05-23 14:24:02.079] [exthost] [info] Extension host with pid 141 started
[2022-05-23 14:24:02.097] [exthost] [info] Lock '/home/mainakghosh/.vscode-server/data/User/workspaceStorage/0534dbb6b6a75cbd41be3d81320636e4/vscode.lock': Lock acquired.
[2022-05-23 14:24:02.285] [exthost] [info] ExtensionService#_doActivateExtension cschlosser.doxdocgen, startup: false, activationEvent: 'onLanguage:c'
[2022-05-23 14:24:02.515] [exthost] [info] ExtensionService#_doActivateExtension ms-vscode.cpptools, startup: false, activationEvent: 'onLanguage:c'
[2022-05-23 14:24:02.713] [exthost] [info] ExtensionService#_doActivateExtension vscode.debug-auto-launch, startup: true, activationEvent: '*'
[2022-05-23 14:24:02.718] [exthost] [info] ExtensionService#_doActivateExtension vscode.git-base, startup: true, activationEvent: '*', root cause: vscode.git
[2022-05-23 14:24:02.724] [exthost] [info] ExtensionService#_doActivateExtension vscode.ipynb, startup: true, activationEvent: '*'
[2022-05-23 14:24:02.909] [exthost] [info] ExtensionService#_doActivateExtension vscode.git, startup: true, activationEvent: '*'
[2022-05-23 14:24:03.001] [exthost] [info] ExtensionService#_doActivateExtension vscode.github, startup: true, activationEvent: '*'
[2022-05-23 14:24:03.198] [exthost] [info] ExtensionService#_doActivateExtension vscode.emmet, startup: false, activationEvent: 'onStartupFinished'
[2022-05-23 14:24:03.218] [exthost] [info] ExtensionService#_doActivateExtension vscode.merge-conflict, startup: false, activationEvent: 'onStartupFinished'
[2022-05-23 14:24:03.223] [exthost] [info] ExtensionService#_doActivateExtension formulahendry.code-runner, startup: false, activationEvent: 'onStartupFinished'
[2022-05-23 14:24:03.285] [exthost] [info] Eager extensions activated
[2022-05-23 14:42:32.646] [exthost] [info] Extension host terminating: received terminate message from renderer
[2022-05-23 14:42:32.647] [exthost] [info] Lock '/home/mainakghosh/.vscode-server/data/User/workspaceStorage/0534dbb6b6a75cbd41be3d81320636e4/vscode.lock': Marking the lockfile as scheduled to be released in 6000 ms.
[2022-05-23 14:42:32.732] [exthost] [error] [ms-vscode.cpptools] provider FAILED
[2022-05-23 14:42:32.733] [exthost] [error] Error: Connection got disposed.
	at Object.dispose (/home/mainakghosh/.vscode-server/extensions/ms-vscode.cpptools-1.9.8-linux-x64/dist/main.js:48037:25)
	at Object.dispose (/home/mainakghosh/.vscode-server/extensions/ms-vscode.cpptools-1.9.8-linux-x64/dist/main.js:48957:35)
	at /home/mainakghosh/.vscode-server/extensions/ms-vscode.cpptools-1.9.8-linux-x64/dist/main.js:50951:28
	at async Promise.all (index 9)
	at async m._deactivateAll (/home/mainakghosh/.vscode-server/bin/c3511e6c69bb39013c4a4b7b9566ec1ca73fc4d5/out/vs/workbench/api/node/extensionHostProcess.js:88:10665)
[2022-05-23 14:42:32.733] [exthost] [info] Extension host with pid 141 exiting with code 0
